2015-06-15 13:53:05,141 - Log4JLogChute initialized using file 'velocity.log'
2015-06-15 13:53:05,141 - Initializing Velocity, Calling init()...
2015-06-15 13:53:05,141 - Starting Apache Velocity v1.7 (compiled: 2010-11-19 12:14:37)
2015-06-15 13:53:05,141 - Default Properties File: org/apache/velocity/runtime/defaults/velocity.properties
2015-06-15 13:53:05,141 - Trying to use logger class org.apache.velocity.runtime.log.AvalonLogChute
2015-06-15 13:53:05,141 - Target log system for org.apache.velocity.runtime.log.AvalonLogChute is not available (java.lang.NoClassDefFoundError: org/apache/log/format/Formatter).  Falling back to next log system...
2015-06-15 13:53:05,141 - Trying to use logger class org.apache.velocity.runtime.log.Log4JLogChute
2015-06-15 13:53:05,141 - Using logger class org.apache.velocity.runtime.log.Log4JLogChute
2015-06-15 13:53:05,144 - ResourceLoader instantiated: org.apache.velocity.runtime.resource.loader.ClasspathResourceLoader
2015-06-15 13:53:05,278 - ResourceCache: initialized (class org.apache.velocity.runtime.resource.ResourceCacheImpl) with class java.util.Collections$SynchronizedMap cache map.
2015-06-15 13:53:05,279 - Loaded System Directive: org.apache.velocity.runtime.directive.Stop
2015-06-15 13:53:05,281 - Loaded System Directive: org.apache.velocity.runtime.directive.Define
2015-06-15 13:53:05,281 - Loaded System Directive: org.apache.velocity.runtime.directive.Break
2015-06-15 13:53:05,282 - Loaded System Directive: org.apache.velocity.runtime.directive.Evaluate
2015-06-15 13:53:05,282 - Loaded System Directive: org.apache.velocity.runtime.directive.Literal
2015-06-15 13:53:05,283 - Loaded System Directive: org.apache.velocity.runtime.directive.Macro
2015-06-15 13:53:05,285 - Loaded System Directive: org.apache.velocity.runtime.directive.Parse
2015-06-15 13:53:05,286 - Loaded System Directive: org.apache.velocity.runtime.directive.Include
2015-06-15 13:53:05,287 - Loaded System Directive: org.apache.velocity.runtime.directive.Foreach
2015-06-15 13:53:05,312 - Created '20' parsers.
2015-06-15 13:53:05,317 - Velocimacro : "velocimacro.library" is not set.  Trying default library: VM_global_library.vm
2015-06-15 13:53:05,318 - Could not load resource 'VM_global_library.vm' from ResourceLoader org.apache.velocity.runtime.resource.loader.ClasspathResourceLoader: ClasspathResourceLoader Error: cannot find resource VM_global_library.vm
2015-06-15 13:53:05,318 - Velocimacro : Default library not found.
2015-06-15 13:53:05,318 - Velocimacro : allowInline = true : VMs can be defined inline in templates
2015-06-15 13:53:05,318 - Velocimacro : allowInlineToOverride = false : VMs defined inline may NOT replace previous VM definitions
2015-06-15 13:53:05,318 - Velocimacro : allowInlineLocal = false : VMs defined inline will be global in scope if allowed.
2015-06-15 13:53:05,318 - Velocimacro : autoload off : VM system will not automatically reload global library macros
2015-06-15 13:53:05,328 - ResourceManager : found pattern.html with loader org.apache.velocity.runtime.resource.loader.ClasspathResourceLoader
2015-06-15 13:54:12,238 - ResourceManager : found pattern.html with loader org.apache.velocity.runtime.resource.loader.ClasspathResourceLoader
2015-06-15 13:55:19,578 - Log4JLogChute initialized using file 'velocity.log'
2015-06-15 13:55:19,579 - Initializing Velocity, Calling init()...
2015-06-15 13:55:19,579 - Starting Apache Velocity v1.7 (compiled: 2010-11-19 12:14:37)
2015-06-15 13:55:19,579 - Default Properties File: org/apache/velocity/runtime/defaults/velocity.properties
2015-06-15 13:55:19,579 - Trying to use logger class org.apache.velocity.runtime.log.AvalonLogChute
2015-06-15 13:55:19,579 - Target log system for org.apache.velocity.runtime.log.AvalonLogChute is not available (java.lang.NoClassDefFoundError: org/apache/log/format/Formatter).  Falling back to next log system...
2015-06-15 13:55:19,579 - Trying to use logger class org.apache.velocity.runtime.log.Log4JLogChute
2015-06-15 13:55:19,579 - Using logger class org.apache.velocity.runtime.log.Log4JLogChute
2015-06-15 13:55:19,582 - ResourceLoader instantiated: org.apache.velocity.runtime.resource.loader.ClasspathResourceLoader
2015-06-15 13:55:19,592 - ResourceCache: initialized (class org.apache.velocity.runtime.resource.ResourceCacheImpl) with class java.util.Collections$SynchronizedMap cache map.
2015-06-15 13:55:19,593 - Loaded System Directive: org.apache.velocity.runtime.directive.Stop
2015-06-15 13:55:19,594 - Loaded System Directive: org.apache.velocity.runtime.directive.Define
2015-06-15 13:55:19,595 - Loaded System Directive: org.apache.velocity.runtime.directive.Break
2015-06-15 13:55:19,595 - Loaded System Directive: org.apache.velocity.runtime.directive.Evaluate
2015-06-15 13:55:19,596 - Loaded System Directive: org.apache.velocity.runtime.directive.Literal
2015-06-15 13:55:19,597 - Loaded System Directive: org.apache.velocity.runtime.directive.Macro
2015-06-15 13:55:19,598 - Loaded System Directive: org.apache.velocity.runtime.directive.Parse
2015-06-15 13:55:19,599 - Loaded System Directive: org.apache.velocity.runtime.directive.Include
2015-06-15 13:55:19,600 - Loaded System Directive: org.apache.velocity.runtime.directive.Foreach
2015-06-15 13:55:19,623 - Created '20' parsers.
2015-06-15 13:55:19,628 - Velocimacro : "velocimacro.library" is not set.  Trying default library: VM_global_library.vm
2015-06-15 13:55:19,629 - Could not load resource 'VM_global_library.vm' from ResourceLoader org.apache.velocity.runtime.resource.loader.ClasspathResourceLoader: ClasspathResourceLoader Error: cannot find resource VM_global_library.vm
2015-06-15 13:55:19,629 - Velocimacro : Default library not found.
2015-06-15 13:55:19,629 - Velocimacro : allowInline = true : VMs can be defined inline in templates
2015-06-15 13:55:19,629 - Velocimacro : allowInlineToOverride = false : VMs defined inline may NOT replace previous VM definitions
2015-06-15 13:55:19,629 - Velocimacro : allowInlineLocal = false : VMs defined inline will be global in scope if allowed.
2015-06-15 13:55:19,629 - Velocimacro : autoload off : VM system will not automatically reload global library macros
2015-06-15 13:55:19,638 - ResourceManager : found pattern.html with loader org.apache.velocity.runtime.resource.loader.ClasspathResourceLoader
2015-06-15 14:13:05,200 - ResourceManager : found pattern.html with loader org.apache.velocity.runtime.resource.loader.ClasspathResourceLoader
2015-06-15 14:13:05,201 - Null reference [template 'pattern.html', line 39, column 4] : $networks.get(0) cannot be resolved.
2015-06-15 14:16:16,214 - Log4JLogChute initialized using file 'velocity.log'
2015-06-15 14:16:16,215 - Initializing Velocity, Calling init()...
2015-06-15 14:16:16,215 - Starting Apache Velocity v1.7 (compiled: 2010-11-19 12:14:37)
2015-06-15 14:16:16,215 - Default Properties File: org/apache/velocity/runtime/defaults/velocity.properties
2015-06-15 14:16:16,215 - Trying to use logger class org.apache.velocity.runtime.log.AvalonLogChute
2015-06-15 14:16:16,215 - Target log system for org.apache.velocity.runtime.log.AvalonLogChute is not available (java.lang.NoClassDefFoundError: org/apache/log/format/Formatter).  Falling back to next log system...
2015-06-15 14:16:16,215 - Trying to use logger class org.apache.velocity.runtime.log.Log4JLogChute
2015-06-15 14:16:16,215 - Using logger class org.apache.velocity.runtime.log.Log4JLogChute
2015-06-15 14:16:16,218 - ResourceLoader instantiated: org.apache.velocity.runtime.resource.loader.ClasspathResourceLoader
2015-06-15 14:16:16,227 - ResourceCache: initialized (class org.apache.velocity.runtime.resource.ResourceCacheImpl) with class java.util.Collections$SynchronizedMap cache map.
2015-06-15 14:16:16,229 - Loaded System Directive: org.apache.velocity.runtime.directive.Stop
2015-06-15 14:16:16,230 - Loaded System Directive: org.apache.velocity.runtime.directive.Define
2015-06-15 14:16:16,230 - Loaded System Directive: org.apache.velocity.runtime.directive.Break
2015-06-15 14:16:16,231 - Loaded System Directive: org.apache.velocity.runtime.directive.Evaluate
2015-06-15 14:16:16,231 - Loaded System Directive: org.apache.velocity.runtime.directive.Literal
2015-06-15 14:16:16,232 - Loaded System Directive: org.apache.velocity.runtime.directive.Macro
2015-06-15 14:16:16,233 - Loaded System Directive: org.apache.velocity.runtime.directive.Parse
2015-06-15 14:16:16,234 - Loaded System Directive: org.apache.velocity.runtime.directive.Include
2015-06-15 14:16:16,235 - Loaded System Directive: org.apache.velocity.runtime.directive.Foreach
2015-06-15 14:16:16,259 - Created '20' parsers.
2015-06-15 14:16:16,265 - Velocimacro : "velocimacro.library" is not set.  Trying default library: VM_global_library.vm
2015-06-15 14:16:16,265 - Could not load resource 'VM_global_library.vm' from ResourceLoader org.apache.velocity.runtime.resource.loader.ClasspathResourceLoader: ClasspathResourceLoader Error: cannot find resource VM_global_library.vm
2015-06-15 14:16:16,265 - Velocimacro : Default library not found.
2015-06-15 14:16:16,265 - Velocimacro : allowInline = true : VMs can be defined inline in templates
2015-06-15 14:16:16,265 - Velocimacro : allowInlineToOverride = false : VMs defined inline may NOT replace previous VM definitions
2015-06-15 14:16:16,265 - Velocimacro : allowInlineLocal = false : VMs defined inline will be global in scope if allowed.
2015-06-15 14:16:16,265 - Velocimacro : autoload off : VM system will not automatically reload global library macros
2015-06-15 14:16:16,275 - ResourceManager : found pattern.html with loader org.apache.velocity.runtime.resource.loader.ClasspathResourceLoader
2015-06-15 14:16:16,280 - Null reference [template 'pattern.html', line 39, column 4] : $networks[0] cannot be resolved.
2015-06-15 14:17:09,585 - Log4JLogChute initialized using file 'velocity.log'
2015-06-15 14:17:09,585 - Initializing Velocity, Calling init()...
2015-06-15 14:17:09,585 - Starting Apache Velocity v1.7 (compiled: 2010-11-19 12:14:37)
2015-06-15 14:17:09,585 - Default Properties File: org/apache/velocity/runtime/defaults/velocity.properties
2015-06-15 14:17:09,585 - Trying to use logger class org.apache.velocity.runtime.log.AvalonLogChute
2015-06-15 14:17:09,585 - Target log system for org.apache.velocity.runtime.log.AvalonLogChute is not available (java.lang.NoClassDefFoundError: org/apache/log/format/Formatter).  Falling back to next log system...
2015-06-15 14:17:09,585 - Trying to use logger class org.apache.velocity.runtime.log.Log4JLogChute
2015-06-15 14:17:09,585 - Using logger class org.apache.velocity.runtime.log.Log4JLogChute
2015-06-15 14:17:09,588 - ResourceLoader instantiated: org.apache.velocity.runtime.resource.loader.ClasspathResourceLoader
2015-06-15 14:17:09,598 - ResourceCache: initialized (class org.apache.velocity.runtime.resource.ResourceCacheImpl) with class java.util.Collections$SynchronizedMap cache map.
2015-06-15 14:17:09,599 - Loaded System Directive: org.apache.velocity.runtime.directive.Stop
2015-06-15 14:17:09,600 - Loaded System Directive: org.apache.velocity.runtime.directive.Define
2015-06-15 14:17:09,600 - Loaded System Directive: org.apache.velocity.runtime.directive.Break
2015-06-15 14:17:09,601 - Loaded System Directive: org.apache.velocity.runtime.directive.Evaluate
2015-06-15 14:17:09,601 - Loaded System Directive: org.apache.velocity.runtime.directive.Literal
2015-06-15 14:17:09,602 - Loaded System Directive: org.apache.velocity.runtime.directive.Macro
2015-06-15 14:17:09,603 - Loaded System Directive: org.apache.velocity.runtime.directive.Parse
2015-06-15 14:17:09,604 - Loaded System Directive: org.apache.velocity.runtime.directive.Include
2015-06-15 14:17:09,605 - Loaded System Directive: org.apache.velocity.runtime.directive.Foreach
2015-06-15 14:17:09,629 - Created '20' parsers.
2015-06-15 14:17:09,634 - Velocimacro : "velocimacro.library" is not set.  Trying default library: VM_global_library.vm
2015-06-15 14:17:09,634 - Could not load resource 'VM_global_library.vm' from ResourceLoader org.apache.velocity.runtime.resource.loader.ClasspathResourceLoader: ClasspathResourceLoader Error: cannot find resource VM_global_library.vm
2015-06-15 14:17:09,634 - Velocimacro : Default library not found.
2015-06-15 14:17:09,634 - Velocimacro : allowInline = true : VMs can be defined inline in templates
2015-06-15 14:17:09,634 - Velocimacro : allowInlineToOverride = false : VMs defined inline may NOT replace previous VM definitions
2015-06-15 14:17:09,634 - Velocimacro : allowInlineLocal = false : VMs defined inline will be global in scope if allowed.
2015-06-15 14:17:09,634 - Velocimacro : autoload off : VM system will not automatically reload global library macros
2015-06-15 14:17:09,644 - ResourceManager : found pattern.html with loader org.apache.velocity.runtime.resource.loader.ClasspathResourceLoader
2015-06-15 14:17:09,649 - Null reference [template 'pattern.html', line 39, column 4] : $networks[0] cannot be resolved.
2015-06-15 14:17:34,376 - Log4JLogChute initialized using file 'velocity.log'
2015-06-15 14:17:34,377 - Initializing Velocity, Calling init()...
2015-06-15 14:17:34,377 - Starting Apache Velocity v1.7 (compiled: 2010-11-19 12:14:37)
2015-06-15 14:17:34,377 - Default Properties File: org/apache/velocity/runtime/defaults/velocity.properties
2015-06-15 14:17:34,377 - Trying to use logger class org.apache.velocity.runtime.log.AvalonLogChute
2015-06-15 14:17:34,377 - Target log system for org.apache.velocity.runtime.log.AvalonLogChute is not available (java.lang.NoClassDefFoundError: org/apache/log/format/Formatter).  Falling back to next log system...
2015-06-15 14:17:34,377 - Trying to use logger class org.apache.velocity.runtime.log.Log4JLogChute
2015-06-15 14:17:34,377 - Using logger class org.apache.velocity.runtime.log.Log4JLogChute
2015-06-15 14:17:34,382 - ResourceLoader instantiated: org.apache.velocity.runtime.resource.loader.ClasspathResourceLoader
2015-06-15 14:17:34,395 - ResourceCache: initialized (class org.apache.velocity.runtime.resource.ResourceCacheImpl) with class java.util.Collections$SynchronizedMap cache map.
2015-06-15 14:17:34,397 - Loaded System Directive: org.apache.velocity.runtime.directive.Stop
2015-06-15 14:17:34,398 - Loaded System Directive: org.apache.velocity.runtime.directive.Define
2015-06-15 14:17:34,399 - Loaded System Directive: org.apache.velocity.runtime.directive.Break
2015-06-15 14:17:34,400 - Loaded System Directive: org.apache.velocity.runtime.directive.Evaluate
2015-06-15 14:17:34,400 - Loaded System Directive: org.apache.velocity.runtime.directive.Literal
2015-06-15 14:17:34,402 - Loaded System Directive: org.apache.velocity.runtime.directive.Macro
2015-06-15 14:17:34,403 - Loaded System Directive: org.apache.velocity.runtime.directive.Parse
2015-06-15 14:17:34,404 - Loaded System Directive: org.apache.velocity.runtime.directive.Include
2015-06-15 14:17:34,405 - Loaded System Directive: org.apache.velocity.runtime.directive.Foreach
2015-06-15 14:17:34,433 - Created '20' parsers.
2015-06-15 14:17:34,439 - Velocimacro : "velocimacro.library" is not set.  Trying default library: VM_global_library.vm
2015-06-15 14:17:34,439 - Could not load resource 'VM_global_library.vm' from ResourceLoader org.apache.velocity.runtime.resource.loader.ClasspathResourceLoader: ClasspathResourceLoader Error: cannot find resource VM_global_library.vm
2015-06-15 14:17:34,440 - Velocimacro : Default library not found.
2015-06-15 14:17:34,440 - Velocimacro : allowInline = true : VMs can be defined inline in templates
2015-06-15 14:17:34,440 - Velocimacro : allowInlineToOverride = false : VMs defined inline may NOT replace previous VM definitions
2015-06-15 14:17:34,440 - Velocimacro : allowInlineLocal = false : VMs defined inline will be global in scope if allowed.
2015-06-15 14:17:34,440 - Velocimacro : autoload off : VM system will not automatically reload global library macros
2015-06-15 14:17:34,451 - ResourceManager : found pattern.html with loader org.apache.velocity.runtime.resource.loader.ClasspathResourceLoader
2015-06-15 14:17:34,456 - Null reference [template 'pattern.html', line 39, column 4] : $networks[0] cannot be resolved.
2015-06-15 14:18:08,754 - Log4JLogChute initialized using file 'velocity.log'
2015-06-15 14:18:08,754 - Initializing Velocity, Calling init()...
2015-06-15 14:18:08,754 - Starting Apache Velocity v1.7 (compiled: 2010-11-19 12:14:37)
2015-06-15 14:18:08,754 - Default Properties File: org/apache/velocity/runtime/defaults/velocity.properties
2015-06-15 14:18:08,754 - Trying to use logger class org.apache.velocity.runtime.log.AvalonLogChute
2015-06-15 14:18:08,754 - Target log system for org.apache.velocity.runtime.log.AvalonLogChute is not available (java.lang.NoClassDefFoundError: org/apache/log/format/Formatter).  Falling back to next log system...
2015-06-15 14:18:08,754 - Trying to use logger class org.apache.velocity.runtime.log.Log4JLogChute
2015-06-15 14:18:08,754 - Using logger class org.apache.velocity.runtime.log.Log4JLogChute
2015-06-15 14:18:08,758 - ResourceLoader instantiated: org.apache.velocity.runtime.resource.loader.ClasspathResourceLoader
2015-06-15 14:18:08,769 - ResourceCache: initialized (class org.apache.velocity.runtime.resource.ResourceCacheImpl) with class java.util.Collections$SynchronizedMap cache map.
2015-06-15 14:18:08,770 - Loaded System Directive: org.apache.velocity.runtime.directive.Stop
2015-06-15 14:18:08,771 - Loaded System Directive: org.apache.velocity.runtime.directive.Define
2015-06-15 14:18:08,772 - Loaded System Directive: org.apache.velocity.runtime.directive.Break
2015-06-15 14:18:08,773 - Loaded System Directive: org.apache.velocity.runtime.directive.Evaluate
2015-06-15 14:18:08,773 - Loaded System Directive: org.apache.velocity.runtime.directive.Literal
2015-06-15 14:18:08,774 - Loaded System Directive: org.apache.velocity.runtime.directive.Macro
2015-06-15 14:18:08,776 - Loaded System Directive: org.apache.velocity.runtime.directive.Parse
2015-06-15 14:18:08,777 - Loaded System Directive: org.apache.velocity.runtime.directive.Include
2015-06-15 14:18:08,778 - Loaded System Directive: org.apache.velocity.runtime.directive.Foreach
2015-06-15 14:18:08,804 - Created '20' parsers.
2015-06-15 14:18:08,811 - Velocimacro : "velocimacro.library" is not set.  Trying default library: VM_global_library.vm
2015-06-15 14:18:08,812 - Could not load resource 'VM_global_library.vm' from ResourceLoader org.apache.velocity.runtime.resource.loader.ClasspathResourceLoader: ClasspathResourceLoader Error: cannot find resource VM_global_library.vm
2015-06-15 14:18:08,812 - Velocimacro : Default library not found.
2015-06-15 14:18:08,812 - Velocimacro : allowInline = true : VMs can be defined inline in templates
2015-06-15 14:18:08,812 - Velocimacro : allowInlineToOverride = false : VMs defined inline may NOT replace previous VM definitions
2015-06-15 14:18:08,812 - Velocimacro : allowInlineLocal = false : VMs defined inline will be global in scope if allowed.
2015-06-15 14:18:08,812 - Velocimacro : autoload off : VM system will not automatically reload global library macros
2015-06-15 14:18:08,828 - ResourceManager : found pattern.html with loader org.apache.velocity.runtime.resource.loader.ClasspathResourceLoader
2015-06-15 14:18:08,874 - Null reference [template 'pattern.html', line 39, column 4] : $networks[0] cannot be resolved.
2015-06-15 14:18:21,545 - ResourceManager : found pattern.html with loader org.apache.velocity.runtime.resource.loader.ClasspathResourceLoader
